Release 14.7 - xst P.20131013 (nt64)
Copyright (c) 1995-2013 Xilinx, Inc.  All rights reserved.
--> Parameter TMPDIR set to xst/projnav.tmp


Total REAL time to Xst completion: 0.00 secs
Total CPU time to Xst completion: 0.22 secs
 
--> Parameter xsthdpdir set to xst


Total REAL time to Xst completion: 0.00 secs
Total CPU time to Xst completion: 0.22 secs
 
--> Reading design: CONT8B.prj

TABLE OF CONTENTS
  1) Synthesis Options Summary
  2) HDL Parsing
  3) HDL Elaboration
  4) HDL Synthesis
       4.1) HDL Synthesis Report
  5) Advanced HDL Synthesis
       5.1) Advanced HDL Synthesis Report
  6) Low Level Synthesis
  7) Partition Report
  8) Design Summary
       8.1) Primitive and Black Box Usage
       8.2) Device utilization summary
       8.3) Partition Resource Summary
       8.4) Timing Report
            8.4.1) Clock Information
            8.4.2) Asynchronous Control Signals Information
            8.4.3) Timing Summary
            8.4.4) Timing Details
            8.4.5) Cross Clock Domains Report


=========================================================================
*                      Synthesis Options Summary                        *
=========================================================================
---- Source Parameters
Input File Name                    : "CONT8B.prj"
Ignore Synthesis Constraint File   : NO

---- Target Parameters
Output File Name                   : "CONT8B"
Output Format                      : NGC
Target Device                      : xc6slx9-2-tqg144

---- Source Options
Top Module Name                    : CONT8B
Automatic FSM Extraction           : YES
FSM Encoding Algorithm             : Auto
Safe Implementation                : No
FSM Style                          : LUT
RAM Extraction                     : Yes
RAM Style                          : Auto
ROM Extraction                     : Yes
Shift Register Extraction          : YES
ROM Style                          : Auto
Resource Sharing                   : YES
Asynchronous To Synchronous        : NO
Shift Register Minimum Size        : 2
Use DSP Block                      : Auto
Automatic Register Balancing       : No

---- Target Options
LUT Combining                      : Auto
Reduce Control Sets                : Auto
Add IO Buffers                     : YES
Global Maximum Fanout              : 100000
Add Generic Clock Buffer(BUFG)     : 16
Register Duplication               : YES
Optimize Instantiated Primitives   : NO
Use Clock Enable                   : Auto
Use Synchronous Set                : Auto
Use Synchronous Reset              : Auto
Pack IO Registers into IOBs        : Auto
Equivalent register Removal        : YES

---- General Options
Optimization Goal                  : Speed
Optimization Effort                : 1
Power Reduction                    : NO
Keep Hierarchy                     : No
Netlist Hierarchy                  : As_Optimized
RTL Output                         : Yes
Global Optimization                : AllClockNets
Read Cores                         : YES
Write Timing Constraints           : NO
Cross Clock Analysis               : NO
Hierarchy Separator                : /
Bus Delimiter                      : <>
Case Specifier                     : Maintain
Slice Utilization Ratio            : 100
BRAM Utilization Ratio             : 100
DSP48 Utilization Ratio            : 100
Auto BRAM Packing                  : NO
Slice Utilization Ratio Delta      : 5

=========================================================================


=========================================================================
*                          HDL Parsing                                  *
=========================================================================
Parsing VHDL file "C:\Users\ChuzGallagher\Desktop\ContadorBinario\CONT8B.vhd" into library work
Parsing entity <CONT8B>.
Parsing architecture <Prac1> of entity <cont8b>.

=========================================================================
*                            HDL Elaboration                            *
=========================================================================

Elaborating entity <CONT8B> (architecture <Prac1>) from library <work>.

=========================================================================
*                           HDL Synthesis                               *
=========================================================================

Synthesizing Unit <CONT8B>.
    Related source file is "C:\Users\ChuzGallagher\Desktop\ContadorBinario\CONT8B.vhd".
    Found 1-bit register for signal <div>.
    Found 8-bit register for signal <cont8>.
    Found 8-bit register for signal <LEDS>.
    Found 26-bit register for signal <delay>.
    Found 26-bit adder for signal <delay[25]_GND_5_o_add_1_OUT> created at line 30.
    Found 8-bit adder for signal <cont8[7]_GND_5_o_add_4_OUT> created at line 42.
    Summary:
	inferred   2 Adder/Subtractor(s).
	inferred  43 D-type flip-flop(s).
Unit <CONT8B> synthesized.

=========================================================================
HDL Synthesis Report

Macro Statistics
# Adders/Subtractors                                   : 2
 26-bit adder                                          : 1
 8-bit adder                                           : 1
# Registers                                            : 4
 1-bit register                                        : 1
 26-bit register                                       : 1
 8-bit register                                        : 2

=========================================================================

=========================================================================
*                       Advanced HDL Synthesis                          *
=========================================================================


Synthesizing (advanced) Unit <CONT8B>.
The following registers are absorbed into counter <cont8>: 1 register on signal <cont8>.
The following registers are absorbed into counter <delay>: 1 register on signal <delay>.
Unit <CONT8B> synthesized (advanced).

=========================================================================
Advanced HDL Synthesis Report

Macro Statistics
# Counters                                             : 2
 26-bit up counter                                     : 1
 8-bit up counter                                      : 1
# Registers                                            : 9
 Flip-Flops                                            : 9

=========================================================================

=========================================================================
*                         Low Level Synthesis                           *
=========================================================================

Optimizing unit <CONT8B> ...

Mapping all equations...
Building and optimizing final netlist ...
Found area constraint ratio of 100 (+ 5) on block CONT8B, actual ratio is 0.

Final Macro Processing ...

=========================================================================
Final Register Report

Macro Statistics
# Registers                                            : 43
 Flip-Flops                                            : 43

=========================================================================

=========================================================================
*                           Partition Report                            *
=========================================================================

Partition Implementation Status
-------------------------------

  No Partitions were found in this design.

-------------------------------

=========================================================================
*                            Design Summary                             *
=========================================================================

Top Level Output File Name         : CONT8B.ngc

Primitive and Black Box Usage:
------------------------------
# BELS                             : 138
#      GND                         : 1
#      INV                         : 2
#      LUT1                        : 32
#      LUT2                        : 26
#      LUT3                        : 1
#      LUT5                        : 1
#      LUT6                        : 8
#      MUXCY                       : 32
#      VCC                         : 1
#      XORCY                       : 34
# FlipFlops/Latches                : 43
#      FD                          : 35
#      FDRE                        : 8
# Clock Buffers                    : 1
#      BUFGP                       : 1
# IO Buffers                       : 10
#      IBUF                        : 2
#      OBUF                        : 8

Device utilization summary:
---------------------------

Selected Device : 6slx9tqg144-2 


Slice Logic Utilization: 
 Number of Slice Registers:              43  out of  11440     0%  
 Number of Slice LUTs:                   70  out of   5720     1%  
    Number used as Logic:                70  out of   5720     1%  

Slice Logic Distribution: 
 Number of LUT Flip Flop pairs used:     78
   Number with an unused Flip Flop:      35  out of     78    44%  
   Number with an unused LUT:             8  out of     78    10%  
   Number of fully used LUT-FF pairs:    35  out of     78    44%  
   Number of unique control sets:         3

IO Utilization: 
 Number of IOs:                          11
 Number of bonded IOBs:                  11  out of    102    10%  

Specific Feature Utilization:
 Number of BUFG/BUFGCTRLs:                1  out of     16     6%  

---------------------------
Partition Resource Summary:
---------------------------

  No Partitions were found in this design.

---------------------------


=========================================================================
Timing Report

NOTE: THESE TIMING NUMBERS ARE ONLY A SYNTHESIS ESTIMATE.
      FOR ACCURATE TIMING INFORMATION PLEASE REFER TO THE TRACE REPORT
      GENERATED AFTER PLACE-and-ROUTE.

Clock Information:
------------------
-----------------------------------+------------------------+-------+
Clock Signal                       | Clock buffer(FF name)  | Load  |
-----------------------------------+------------------------+-------+
div                                | NONE(LEDS_0)           | 16    |
mclk                               | BUFGP                  | 27    |
-----------------------------------+------------------------+-------+
INFO:Xst:2169 - HDL ADVISOR - Some clock signals were not automatically buffered by XST with BUFG/BUFR resources. Please use the buffer_type constraint in order to insert these buffers to the clock signals to help prevent skew problems.

Asynchronous Control Signals Information:
----------------------------------------
No asynchronous control signals found in this design

Timing Summary:
---------------
Speed Grade: -2

   Minimum period: 4.711ns (Maximum Frequency: 212.269MHz)
   Minimum input arrival time before clock: 5.326ns
   Maximum output required time after clock: 4.118ns
   Maximum combinational path delay: No path found

Timing Details:
---------------
All values displayed in nanoseconds (ns)

=========================================================================
Timing constraint: Default period analysis for Clock 'div'
  Clock period: 4.159ns (frequency: 240.442MHz)
  Total number of paths / destination ports: 108 / 24
-------------------------------------------------------------------------
Delay:               4.159ns (Levels of Logic = 2)
  Source:            cont8_0 (FF)
  Destination:       cont8_1 (FF)
  Source Clock:      div rising
  Destination Clock: div rising

  Data Path: cont8_0 to cont8_1
                                Gate     Net
    Cell:in->out      fanout   Delay   Delay  Logical Name (Net Name)
    ----------------------------------------  ------------
     FDRE:C->Q             3   0.525   1.042  cont8_0 (cont8_0)
     LUT5:I1->O            1   0.254   0.682  Mcount_cont8_val_SW0 (N4)
     LUT6:I5->O            8   0.254   0.943  Mcount_cont8_val (Mcount_cont8_val)
     FDRE:R                    0.459          cont8_0
    ----------------------------------------
    Total                      4.159ns (1.492ns logic, 2.667ns route)
                                       (35.9% logic, 64.1% route)

=========================================================================
Timing constraint: Default period analysis for Clock 'mclk'
  Clock period: 4.711ns (frequency: 212.269MHz)
  Total number of paths / destination ports: 1055 / 27
-------------------------------------------------------------------------
Delay:               4.711ns (Levels of Logic = 3)
  Source:            delay_13 (FF)
  Destination:       delay_0 (FF)
  Source Clock:      mclk rising
  Destination Clock: mclk rising

  Data Path: delay_13 to delay_0
                                Gate     Net
    Cell:in->out      fanout   Delay   Delay  Logical Name (Net Name)
    ----------------------------------------  ------------
     FD:C->Q               2   0.525   1.181  delay_13 (delay_13)
     LUT6:I0->O            3   0.254   1.042  PWR_5_o_delay[25]_equal_1_o<25>4 (PWR_5_o_delay[25]_equal_1_o<25>3)
     LUT6:I2->O           14   0.254   1.127  PWR_5_o_delay[25]_equal_1_o<25>5 (PWR_5_o_delay[25]_equal_1_o)
     LUT2:I1->O            1   0.254   0.000  delay_0_rstpot (delay_0_rstpot)
     FD:D                      0.074          delay_0
    ----------------------------------------
    Total                      4.711ns (1.361ns logic, 3.350ns route)
                                       (28.9% logic, 71.1% route)

=========================================================================
Timing constraint: Default OFFSET IN BEFORE for Clock 'div'
  Total number of paths / destination ports: 24 / 16
-------------------------------------------------------------------------
Offset:              5.326ns (Levels of Logic = 3)
  Source:            IP (PAD)
  Destination:       cont8_1 (FF)
  Destination Clock: div rising

  Data Path: IP to cont8_1
                                Gate     Net
    Cell:in->out      fanout   Delay   Delay  Logical Name (Net Name)
    ----------------------------------------  ------------
     IBUF:I->O             9   1.328   1.406  IP_IBUF (IP_IBUF)
     LUT5:I0->O            1   0.254   0.682  Mcount_cont8_val_SW0 (N4)
     LUT6:I5->O            8   0.254   0.943  Mcount_cont8_val (Mcount_cont8_val)
     FDRE:R                    0.459          cont8_0
    ----------------------------------------
    Total                      5.326ns (2.295ns logic, 3.031ns route)
                                       (43.1% logic, 56.9% route)

=========================================================================
Timing constraint: Default OFFSET OUT AFTER for Clock 'div'
  Total number of paths / destination ports: 8 / 8
-------------------------------------------------------------------------
Offset:              4.118ns (Levels of Logic = 1)
  Source:            LEDS_7 (FF)
  Destination:       LEDS<7> (PAD)
  Source Clock:      div rising

  Data Path: LEDS_7 to LEDS<7>
                                Gate     Net
    Cell:in->out      fanout   Delay   Delay  Logical Name (Net Name)
    ----------------------------------------  ------------
     FD:C->Q               1   0.525   0.681  LEDS_7 (LEDS_7)
     OBUF:I->O                 2.912          LEDS_7_OBUF (LEDS<7>)
    ----------------------------------------
    Total                      4.118ns (3.437ns logic, 0.681ns route)
                                       (83.5% logic, 16.5% route)

=========================================================================

Cross Clock Domains Report:
--------------------------

Clock to Setup on destination clock div
---------------+---------+---------+---------+---------+
               | Src:Rise| Src:Fall| Src:Rise| Src:Fall|
Source Clock   |Dest:Rise|Dest:Rise|Dest:Fall|Dest:Fall|
---------------+---------+---------+---------+---------+
div            |    4.159|         |         |         |
---------------+---------+---------+---------+---------+

Clock to Setup on destination clock mclk
---------------+---------+---------+---------+---------+
               | Src:Rise| Src:Fall| Src:Rise| Src:Fall|
Source Clock   |Dest:Rise|Dest:Rise|Dest:Fall|Dest:Fall|
---------------+---------+---------+---------+---------+
mclk           |    4.711|         |         |         |
---------------+---------+---------+---------+---------+

=========================================================================


Total REAL time to Xst completion: 10.00 secs
Total CPU time to Xst completion: 9.93 secs
 
--> 

Total memory usage is 4494344 kilobytes

Number of errors   :    0 (   0 filtered)
Number of warnings :    0 (   0 filtered)
Number of infos    :    1 (   0 filtered)

