
****** PlanAhead v14.7 (64-bit)
  **** Build 321239 by xbuild on Fri Sep 27 19:29:51 MDT 2013
    ** Copyright 1986-1999, 2001-2013 Xilinx, Inc. All Rights Reserved.

INFO: [Common 17-78] Attempting to get a license: PlanAhead
INFO: [Common 17-290] Got license for PlanAhead
INFO: [Device 21-36] Loading parts and site information from C:/Xilinx/14.7/ISE_DS/PlanAhead/data/parts/arch.xml
Parsing RTL primitives file [C:/Xilinx/14.7/ISE_DS/PlanAhead/data/parts/xilinx/rtl/prims/rtl_prims.xml]
Finished parsing RTL primitives file [C:/Xilinx/14.7/ISE_DS/PlanAhead/data/parts/xilinx/rtl/prims/rtl_prims.xml]
start_gui
source C:/Users/ChuzGallagher/Documents/VLSI/P1/LED/LED/pa.fromNetlist.tcl
# create_project -name LED -dir "C:/Users/ChuzGallagher/Documents/VLSI/P1/LED/LED/planAhead_run_1" -part xc6slx9tqg144-2
create_project: Time (s): elapsed = 00:00:08 . Memory (MB): peak = 430.145 ; gain = 64.992
# set_property design_mode GateLvl [get_property srcset [current_run -impl]]
# set_property edif_top_file "C:/Users/ChuzGallagher/Documents/VLSI/P1/LED/LED/CONT8B.ngc" [ get_property srcset [ current_run ] ]
# add_files -norecurse { {C:/Users/ChuzGallagher/Documents/VLSI/P1/LED/LED} }
# set_param project.pinAheadLayout  yes
# set_property target_constrs_file "CONT8B.ucf" [current_fileset -constrset]
Adding file 'C:/Users/ChuzGallagher/Documents/VLSI/P1/LED/LED/CONT8B.ucf' to fileset 'constrs_1'
# add_files [list {CONT8B.ucf}] -fileset [get_property constrset [current_run]]
# link_design
Design is defaulting to srcset: sources_1
Design is defaulting to constrset: constrs_1
Design is defaulting to project part: xc6slx9tqg144-2
Release 14.7 - ngc2edif P.20131013 (nt64)
Copyright (c) 1995-2013 Xilinx, Inc.  All rights reserved.
Reading design CONT8B.ngc ...
WARNING:NetListWriters:298 - No output is written to CONT8B.xncf, ignored.
Processing design ...
   Preping design's networks ...
   Preping design's macros ...
  finished :Prep
Writing EDIF netlist file CONT8B.edif ...
ngc2edif: Total memory usage is 4310800 kilobytes

Parsing EDIF File [./planAhead_run_1/LED.data/cache/CONT8B_ngc_zx.edif]
Finished Parsing EDIF File [./planAhead_run_1/LED.data/cache/CONT8B_ngc_zx.edif]

    while executing
"link_design"
    (file "C:/Users/ChuzGallagher/Documents/VLSI/P1/LED/LED/pa.fromNetlist.tcl" line 11)
exit
ERROR: [Common 17-39] 'stop_gui' failed due to earlier errors.
INFO: [Common 17-206] Exiting PlanAhead at Thu Aug 22 10:14:18 2019...
INFO: [Common 17-83] Releasing license: PlanAhead
