Release 14.7 - xst P.20131013 (nt64)
Copyright (c) 1995-2013 Xilinx, Inc.  All rights reserved.
--> Parameter TMPDIR set to xst/projnav.tmp


Total REAL time to Xst completion: 0.00 secs
Total CPU time to Xst completion: 0.10 secs
 
--> Parameter xsthdpdir set to xst


Total REAL time to Xst completion: 0.00 secs
Total CPU time to Xst completion: 0.10 secs
 
--> Reading design: Mealy.prj

TABLE OF CONTENTS
  1) Synthesis Options Summary
  2) HDL Parsing
  3) HDL Elaboration
  4) HDL Synthesis
       4.1) HDL Synthesis Report
  5) Advanced HDL Synthesis
       5.1) Advanced HDL Synthesis Report
  6) Low Level Synthesis
  7) Partition Report
  8) Design Summary
       8.1) Primitive and Black Box Usage
       8.2) Device utilization summary
       8.3) Partition Resource Summary
       8.4) Timing Report
            8.4.1) Clock Information
            8.4.2) Asynchronous Control Signals Information
            8.4.3) Timing Summary
            8.4.4) Timing Details
            8.4.5) Cross Clock Domains Report


=========================================================================
*                      Synthesis Options Summary                        *
=========================================================================
---- Source Parameters
Input File Name                    : "Mealy.prj"
Ignore Synthesis Constraint File   : NO

---- Target Parameters
Output File Name                   : "Mealy"
Output Format                      : NGC
Target Device                      : xc6slx9-2-tqg144

---- Source Options
Top Module Name                    : Mealy
Automatic FSM Extraction           : YES
FSM Encoding Algorithm             : Auto
Safe Implementation                : No
FSM Style                          : LUT
RAM Extraction                     : Yes
RAM Style                          : Auto
ROM Extraction                     : Yes
Shift Register Extraction          : YES
ROM Style                          : Auto
Resource Sharing                   : YES
Asynchronous To Synchronous        : NO
Shift Register Minimum Size        : 2
Use DSP Block                      : Auto
Automatic Register Balancing       : No

---- Target Options
LUT Combining                      : Auto
Reduce Control Sets                : Auto
Add IO Buffers                     : YES
Global Maximum Fanout              : 100000
Add Generic Clock Buffer(BUFG)     : 16
Register Duplication               : YES
Optimize Instantiated Primitives   : NO
Use Clock Enable                   : Auto
Use Synchronous Set                : Auto
Use Synchronous Reset              : Auto
Pack IO Registers into IOBs        : Auto
Equivalent register Removal        : YES

---- General Options
Optimization Goal                  : Speed
Optimization Effort                : 1
Power Reduction                    : NO
Keep Hierarchy                     : No
Netlist Hierarchy                  : As_Optimized
RTL Output                         : Yes
Global Optimization                : AllClockNets
Read Cores                         : YES
Write Timing Constraints           : NO
Cross Clock Analysis               : NO
Hierarchy Separator                : /
Bus Delimiter                      : <>
Case Specifier                     : Maintain
Slice Utilization Ratio            : 100
BRAM Utilization Ratio             : 100
DSP48 Utilization Ratio            : 100
Auto BRAM Packing                  : NO
Slice Utilization Ratio Delta      : 5

=========================================================================


=========================================================================
*                          HDL Parsing                                  *
=========================================================================
Parsing VHDL file "C:\Users\ChuzGallagher\Documents\7mo Semestre\VLSI\P3-2Mealy\Mealy.vhd" into library work
Parsing entity <Mealy>.
Parsing architecture <Behavioral> of entity <mealy>.

=========================================================================
*                            HDL Elaboration                            *
=========================================================================

Elaborating entity <Mealy> (architecture <Behavioral>) from library <work>.

=========================================================================
*                           HDL Synthesis                               *
=========================================================================

Synthesizing Unit <Mealy>.
    Related source file is "C:\Users\ChuzGallagher\Documents\7mo Semestre\VLSI\P3-2Mealy\Mealy.vhd".
    Found 1-bit register for signal <div>.
    Found 2-bit register for signal <est_pres>.
    Found 1-bit register for signal <A>.
    Found 1-bit register for signal <B>.
    Found 2-bit register for signal <est_sig>.
    Found 26-bit register for signal <delay>.
    Found 26-bit adder for signal <delay[25]_GND_3_o_add_1_OUT> created at line 54.
    Found 2-bit 4-to-1 multiplexer for signal <est_pres[1]_GND_3_o_wide_mux_10_OUT> created at line 69.
    Summary:
	inferred   1 Adder/Subtractor(s).
	inferred  33 D-type flip-flop(s).
	inferred   2 Multiplexer(s).
Unit <Mealy> synthesized.

=========================================================================
HDL Synthesis Report

Macro Statistics
# Adders/Subtractors                                   : 1
 26-bit adder                                          : 1
# Registers                                            : 6
 1-bit register                                        : 3
 2-bit register                                        : 2
 26-bit register                                       : 1
# Multiplexers                                         : 2
 1-bit 2-to-1 multiplexer                              : 1
 2-bit 4-to-1 multiplexer                              : 1

=========================================================================

=========================================================================
*                       Advanced HDL Synthesis                          *
=========================================================================


Synthesizing (advanced) Unit <Mealy>.
The following registers are absorbed into counter <delay>: 1 register on signal <delay>.
Unit <Mealy> synthesized (advanced).

=========================================================================
Advanced HDL Synthesis Report

Macro Statistics
# Counters                                             : 1
 26-bit up counter                                     : 1
# Registers                                            : 7
 Flip-Flops                                            : 7
# Multiplexers                                         : 2
 1-bit 2-to-1 multiplexer                              : 1
 2-bit 4-to-1 multiplexer                              : 1

=========================================================================

=========================================================================
*                         Low Level Synthesis                           *
=========================================================================

Optimizing unit <Mealy> ...

Mapping all equations...
Building and optimizing final netlist ...
Found area constraint ratio of 100 (+ 5) on block Mealy, actual ratio is 0.

Final Macro Processing ...

Processing Unit <Mealy> :
	Found 2-bit shift register for signal <est_pres_0>.
Unit <Mealy> processed.

=========================================================================
Final Register Report

Macro Statistics
# Registers                                            : 31
 Flip-Flops                                            : 31
# Shift Registers                                      : 1
 2-bit shift register                                  : 1

=========================================================================

=========================================================================
*                           Partition Report                            *
=========================================================================

Partition Implementation Status
-------------------------------

  No Partitions were found in this design.

-------------------------------

=========================================================================
*                            Design Summary                             *
=========================================================================

Top Level Output File Name         : Mealy.ngc

Primitive and Black Box Usage:
------------------------------
# BELS                             : 116
#      GND                         : 1
#      INV                         : 1
#      LUT1                        : 25
#      LUT2                        : 29
#      LUT3                        : 1
#      LUT6                        : 7
#      MUXCY                       : 25
#      VCC                         : 1
#      XORCY                       : 26
# FlipFlops/Latches                : 32
#      FD                          : 31
#      FDE                         : 1
# Shift Registers                  : 1
#      SRLC16E                     : 1
# Clock Buffers                    : 1
#      BUFGP                       : 1
# IO Buffers                       : 3
#      IBUF                        : 1
#      OBUF                        : 2

Device utilization summary:
---------------------------

Selected Device : 6slx9tqg144-2 


Slice Logic Utilization: 
 Number of Slice Registers:              32  out of  11440     0%  
 Number of Slice LUTs:                   64  out of   5720     1%  
    Number used as Logic:                63  out of   5720     1%  
    Number used as Memory:                1  out of   1440     0%  
       Number used as SRL:                1

Slice Logic Distribution: 
 Number of LUT Flip Flop pairs used:     65
   Number with an unused Flip Flop:      33  out of     65    50%  
   Number with an unused LUT:             1  out of     65     1%  
   Number of fully used LUT-FF pairs:    31  out of     65    47%  
   Number of unique control sets:         3

IO Utilization: 
 Number of IOs:                           4
 Number of bonded IOBs:                   4  out of    102     3%  

Specific Feature Utilization:
 Number of BUFG/BUFGCTRLs:                1  out of     16     6%  

---------------------------
Partition Resource Summary:
---------------------------

  No Partitions were found in this design.

---------------------------


=========================================================================
Timing Report

NOTE: THESE TIMING NUMBERS ARE ONLY A SYNTHESIS ESTIMATE.
      FOR ACCURATE TIMING INFORMATION PLEASE REFER TO THE TRACE REPORT
      GENERATED AFTER PLACE-and-ROUTE.

Clock Information:
------------------
-----------------------------------+------------------------+-------+
Clock Signal                       | Clock buffer(FF name)  | Load  |
-----------------------------------+------------------------+-------+
div                                | NONE(est_sig_1)        | 6     |
MCLK                               | BUFGP                  | 27    |
-----------------------------------+------------------------+-------+
INFO:Xst:2169 - HDL ADVISOR - Some clock signals were not automatically buffered by XST with BUFG/BUFR resources. Please use the buffer_type constraint in order to insert these buffers to the clock signals to help prevent skew problems.

Asynchronous Control Signals Information:
----------------------------------------
No asynchronous control signals found in this design

Timing Summary:
---------------
Speed Grade: -2

   Minimum period: 4.711ns (Maximum Frequency: 212.269MHz)
   Minimum input arrival time before clock: 2.564ns
   Maximum output required time after clock: 4.118ns
   Maximum combinational path delay: No path found

Timing Details:
---------------
All values displayed in nanoseconds (ns)

=========================================================================
Timing constraint: Default period analysis for Clock 'div'
  Clock period: 1.828ns (frequency: 547.046MHz)
  Total number of paths / destination ports: 6 / 5
-------------------------------------------------------------------------
Delay:               1.828ns (Levels of Logic = 1)
  Source:            est_pres_1 (FF)
  Destination:       est_sig_1 (FF)
  Source Clock:      div rising
  Destination Clock: div rising

  Data Path: est_pres_1 to est_sig_1
                                Gate     Net
    Cell:in->out      fanout   Delay   Delay  Logical Name (Net Name)
    ----------------------------------------  ------------
     FD:C->Q               3   0.525   0.994  est_pres_1 (est_pres_1)
     LUT3:I0->O            1   0.235   0.000  Mmux_est_pres[1]_GND_3_o_wide_mux_10_OUT21 (est_pres[1]_GND_3_o_wide_mux_10_OUT<1>)
     FD:D                      0.074          est_sig_1
    ----------------------------------------
    Total                      1.828ns (0.834ns logic, 0.994ns route)
                                       (45.6% logic, 54.4% route)

=========================================================================
Timing constraint: Default period analysis for Clock 'MCLK'
  Clock period: 4.711ns (frequency: 212.269MHz)
  Total number of paths / destination ports: 1054 / 27
-------------------------------------------------------------------------
Delay:               4.711ns (Levels of Logic = 3)
  Source:            delay_13 (FF)
  Destination:       delay_0 (FF)
  Source Clock:      MCLK rising
  Destination Clock: MCLK rising

  Data Path: delay_13 to delay_0
                                Gate     Net
    Cell:in->out      fanout   Delay   Delay  Logical Name (Net Name)
    ----------------------------------------  ------------
     FD:C->Q               2   0.525   1.181  delay_13 (delay_13)
     LUT6:I0->O            3   0.254   1.042  PWR_3_o_delay[25]_equal_1_o<25>4 (PWR_3_o_delay[25]_equal_1_o<25>3)
     LUT6:I2->O           14   0.254   1.127  PWR_3_o_delay[25]_equal_1_o<25>5 (PWR_3_o_delay[25]_equal_1_o)
     LUT2:I1->O            1   0.254   0.000  delay_0_rstpot (delay_0_rstpot)
     FD:D                      0.074          delay_0
    ----------------------------------------
    Total                      4.711ns (1.361ns logic, 3.350ns route)
                                       (28.9% logic, 71.1% route)

=========================================================================
Timing constraint: Default OFFSET IN BEFORE for Clock 'div'
  Total number of paths / destination ports: 4 / 4
-------------------------------------------------------------------------
Offset:              2.564ns (Levels of Logic = 2)
  Source:            H (PAD)
  Destination:       est_sig_1 (FF)
  Destination Clock: div rising

  Data Path: H to est_sig_1
                                Gate     Net
    Cell:in->out      fanout   Delay   Delay  Logical Name (Net Name)
    ----------------------------------------  ------------
     IBUF:I->O             4   1.328   0.912  H_IBUF (H_IBUF)
     LUT3:I1->O            1   0.250   0.000  Mmux_est_pres[1]_GND_3_o_wide_mux_10_OUT21 (est_pres[1]_GND_3_o_wide_mux_10_OUT<1>)
     FD:D                      0.074          est_sig_1
    ----------------------------------------
    Total                      2.564ns (1.652ns logic, 0.912ns route)
                                       (64.4% logic, 35.6% route)

=========================================================================
Timing constraint: Default OFFSET OUT AFTER for Clock 'div'
  Total number of paths / destination ports: 2 / 2
-------------------------------------------------------------------------
Offset:              4.118ns (Levels of Logic = 1)
  Source:            A (FF)
  Destination:       A (PAD)
  Source Clock:      div rising

  Data Path: A to A
                                Gate     Net
    Cell:in->out      fanout   Delay   Delay  Logical Name (Net Name)
    ----------------------------------------  ------------
     FD:C->Q               1   0.525   0.681  A (A_OBUF)
     OBUF:I->O                 2.912          A_OBUF (A)
    ----------------------------------------
    Total                      4.118ns (3.437ns logic, 0.681ns route)
                                       (83.5% logic, 16.5% route)

=========================================================================

Cross Clock Domains Report:
--------------------------

Clock to Setup on destination clock MCLK
---------------+---------+---------+---------+---------+
               | Src:Rise| Src:Fall| Src:Rise| Src:Fall|
Source Clock   |Dest:Rise|Dest:Rise|Dest:Fall|Dest:Fall|
---------------+---------+---------+---------+---------+
MCLK           |    4.711|         |         |         |
---------------+---------+---------+---------+---------+

Clock to Setup on destination clock div
---------------+---------+---------+---------+---------+
               | Src:Rise| Src:Fall| Src:Rise| Src:Fall|
Source Clock   |Dest:Rise|Dest:Rise|Dest:Fall|Dest:Fall|
---------------+---------+---------+---------+---------+
div            |    1.828|         |         |         |
---------------+---------+---------+---------+---------+

=========================================================================


Total REAL time to Xst completion: 4.00 secs
Total CPU time to Xst completion: 4.88 secs
 
--> 

Total memory usage is 4494344 kilobytes

Number of errors   :    0 (   0 filtered)
Number of warnings :    0 (   0 filtered)
Number of infos    :    1 (   0 filtered)

